# JRE version: OpenJDK Runtime Environment (14.0.1+7) (build 14.0.1+7)
# Java VM: OpenJDK 64-Bit Server VM (14.0.1+7, mixed mode, sharing, tiered, compressed oops, g1 gc, windows-amd64)
Heap:
 garbage-first heap   total 347136K, used 234191K [0x0000000080000000, 0x0000000100000000)
  region size 1024K, 36 young (36864K), 5 survivors (5120K)
 Metaspace       used 106449K, capacity 109661K, committed 109872K, reserved 1144832K
  class space    used 14029K, capacity 15170K, committed 15232K, reserved 1048576K
GC Heap History (20 events):
Event: 84.394 GC heap before
{Heap before GC invocations=50 (full 0):
 garbage-first heap   total 261120K, used 174887K [0x0000000080000000, 0x0000000100000000)
  region size 1024K, 33 young (33792K), 8 survivors (8192K)
 Metaspace       used 80518K, capacity 82994K, committed 83120K, reserved 1120256K
  class space    used 10852K, capacity 11763K, committed 11776K, reserved 1048576K
}
Event: 84.444 GC heap after
{Heap after GC invocations=51 (full 0):
 garbage-first heap   total 261120K, used 152998K [0x0000000080000000, 0x0000000100000000)
  region size 1024K, 7 young (7168K), 7 survivors (7168K)
 Metaspace       used 80518K, capacity 82994K, committed 83120K, reserved 1120256K
  class space    used 10852K, capacity 11763K, committed 11776K, reserved 1048576K
}
Event: 84.893 GC heap before
{Heap before GC invocations=52 (full 0):
 garbage-first heap   total 266240K, used 165286K [0x0000000080000000, 0x0000000100000000)
  region size 1024K, 9 young (9216K), 7 survivors (7168K)
 Metaspace       used 80518K, capacity 82994K, committed 83120K, reserved 1120256K
  class space    used 10852K, capacity 11763K, committed 11776K, reserved 1048576K
}
Event: 84.904 GC heap after
{Heap after GC invocations=53 (full 0):
 garbage-first heap   total 266240K, used 164976K [0x0000000080000000, 0x0000000100000000)
  region size 1024K, 4 young (4096K), 4 survivors (4096K)
 Metaspace       used 80518K, capacity 82994K, committed 83120K, reserved 1120256K
  class space    used 10852K, capacity 11763K, committed 11776K, reserved 1048576K
}
Event: 85.452 GC heap before
{Heap before GC invocations=54 (full 0):
 garbage-first heap   total 302080K, used 179312K [0x0000000080000000, 0x0000000100000000)
  region size 1024K, 6 young (6144K), 4 survivors (4096K)
 Metaspace       used 80446K, capacity 82850K, committed 83120K, reserved 1120256K
  class space    used 10829K, capacity 11715K, committed 11776K, reserved 1048576K
}
Event: 85.460 GC heap after
{Heap after GC invocations=55 (full 0):
 garbage-first heap   total 302080K, used 179156K [0x0000000080000000, 0x0000000100000000)
  region size 1024K, 5 young (5120K), 5 survivors (5120K)
 Metaspace       used 80446K, capacity 82850K, committed 83120K, reserved 1120256K
  class space    used 10829K, capacity 11715K, committed 11776K, reserved 1048576K
}
Event: 86.708 GC heap before
{Heap before GC invocations=56 (full 0):
 garbage-first heap   total 316416K, used 226260K [0x0000000080000000, 0x0000000100000000)
  region size 1024K, 47 young (48128K), 5 survivors (5120K)
 Metaspace       used 82449K, capacity 84914K, committed 85040K, reserved 1122304K
  class space    used 11134K, capacity 12073K, committed 12160K, reserved 1048576K
}
Event: 86.721 GC heap after
{Heap after GC invocations=57 (full 0):
 garbage-first heap   total 316416K, used 187724K [0x0000000080000000, 0x0000000100000000)
  region size 1024K, 6 young (6144K), 6 survivors (6144K)
 Metaspace       used 82449K, capacity 84914K, committed 85040K, reserved 1122304K
  class space    used 11134K, capacity 12073K, committed 12160K, reserved 1048576K
}
Event: 87.347 GC heap before
{Heap before GC invocations=57 (full 0):
 garbage-first heap   total 316416K, used 236876K [0x0000000080000000, 0x0000000100000000)
  region size 1024K, 54 young (55296K), 6 survivors (6144K)
 Metaspace       used 83765K, capacity 86479K, committed 86832K, reserved 1124352K
  class space    used 11305K, capacity 12315K, committed 12416K, reserved 1048576K
}
Event: 87.355 GC heap after
{Heap after GC invocations=58 (full 0):
 garbage-first heap   total 316416K, used 190041K [0x0000000080000000, 0x0000000100000000)
  region size 1024K, 6 young (6144K), 6 survivors (6144K)
 Metaspace       used 83765K, capacity 86479K, committed 86832K, reserved 1124352K
  class space    used 11305K, capacity 12315K, committed 12416K, reserved 1048576K
}
Event: 88.275 GC heap before
{Heap before GC invocations=59 (full 0):
 garbage-first heap   total 347136K, used 241241K [0x0000000080000000, 0x0000000100000000)
  region size 1024K, 56 young (57344K), 6 survivors (6144K)
 Metaspace       used 85577K, capacity 88186K, committed 88240K, reserved 1124352K
  class space    used 11543K, capacity 12499K, committed 12544K, reserved 1048576K
}
Event: 88.288 GC heap after
{Heap after GC invocations=60 (full 0):
 garbage-first heap   total 347136K, used 191510K [0x0000000080000000, 0x0000000100000000)
  region size 1024K, 4 young (4096K), 4 survivors (4096K)
 Metaspace       used 85577K, capacity 88186K, committed 88240K, reserved 1124352K
  class space    used 11543K, capacity 12499K, committed 12544K, reserved 1048576K
}
Event: 88.292 GC heap before
{Heap before GC invocations=60 (full 0):
 garbage-first heap   total 347136K, used 191510K [0x0000000080000000, 0x0000000100000000)
  region size 1024K, 6 young (6144K), 4 survivors (4096K)
 Metaspace       used 85581K, capacity 88186K, committed 88240K, reserved 1124352K
  class space    used 11543K, capacity 12499K, committed 12544K, reserved 1048576K
}
Event: 88.300 GC heap after
{Heap after GC invocations=61 (full 0):
 garbage-first heap   total 347136K, used 192169K [0x0000000080000000, 0x0000000100000000)
  region size 1024K, 5 young (5120K), 5 survivors (5120K)
 Metaspace       used 85581K, capacity 88186K, committed 88240K, reserved 1124352K
  class space    used 11543K, capacity 12499K, committed 12544K, reserved 1048576K
}
Event: 90.371 GC heap before
{Heap before GC invocations=62 (full 0):
 garbage-first heap   total 347136K, used 271017K [0x0000000080000000, 0x0000000100000000)
  region size 1024K, 81 young (82944K), 5 survivors (5120K)
 Metaspace       used 92690K, capacity 95429K, committed 95536K, reserved 1132544K
  class space    used 12423K, capacity 13403K, committed 13440K, reserved 1048576K
}
Event: 90.383 GC heap after
{Heap after GC invocations=63 (full 0):
 garbage-first heap   total 347136K, used 193575K [0x0000000080000000, 0x0000000100000000)
  region size 1024K, 6 young (6144K), 6 survivors (6144K)
 Metaspace       used 92690K, capacity 95429K, committed 95536K, reserved 1132544K
  class space    used 12423K, capacity 13403K, committed 13440K, reserved 1048576K
}
Event: 93.053 GC heap before
{Heap before GC invocations=63 (full 0):
 garbage-first heap   total 347136K, used 278567K [0x0000000080000000, 0x0000000100000000)
  region size 1024K, 90 young (92160K), 6 survivors (6144K)
 Metaspace       used 103875K, capacity 106928K, committed 107056K, reserved 1140736K
  class space    used 13809K, capacity 14878K, committed 14976K, reserved 1048576K
}
Event: 93.077 GC heap after
{Heap after GC invocations=64 (full 0):
 garbage-first heap   total 347136K, used 199884K [0x0000000080000000, 0x0000000100000000)
  region size 1024K, 12 young (12288K), 12 survivors (12288K)
 Metaspace       used 103875K, capacity 106928K, committed 107056K, reserved 1140736K
  class space    used 13809K, capacity 14878K, committed 14976K, reserved 1048576K
}
Event: 106.114 GC heap before
{Heap before GC invocations=65 (full 0):
 garbage-first heap   total 347136K, used 280780K [0x0000000080000000, 0x0000000100000000)
  region size 1024K, 92 young (94208K), 12 survivors (12288K)
 Metaspace       used 105843K, capacity 108944K, committed 109232K, reserved 1142784K
  class space    used 13931K, capacity 14977K, committed 15104K, reserved 1048576K
}
Event: 106.148 GC heap after
{Heap after GC invocations=66 (full 0):
 garbage-first heap   total 347136K, used 204495K [0x0000000080000000, 0x0000000100000000)
  region size 1024K, 5 young (5120K), 5 survivors (5120K)
 Metaspace       used 105843K, capacity 108944K, committed 109232K, reserved 1142784K
  class space    used 13931K, capacity 14977K, committed 15104K, reserved 1048576K
}

